ACHIEVING CHANGE
  local diff
       /youtube-hourly-2025-03-22-17:00:00
       /youtube-daily-2025-03-23-01:00:00
       /youtube-daily-2025-03-24-01:00:00
       /youtube-daily-2025-03-25-01:00:00
       /youtube-daily-2025-03-26-01:00:00
       /youtube-daily-2025-03-27-01:00:00
       /youtube-daily-2025-03-28-01:00:00
       /youtube-daily-2025-03-29-01:00:00
       /youtube-daily-2025-03-30-01:00:00
       /youtube-daily-2025-03-31-01:00:00
       /youtube-daily-2025-04-01-01:00:00
       /youtube-monthly-2025-04-01-12:00:00
       /youtube-daily-2025-04-02-01:00:00
       /youtube-daily-2025-04-03-01:00:00
       /youtube-daily-2025-04-04-01:00:00
       /youtube-daily-2025-04-05-01:00:00
       /youtube-daily-2025-04-06-01:00:00
       /youtube-daily-2025-04-07-01:00:00
       /youtube-daily-2025-04-08-01:00:00
       /youtube-daily-2025-04-09-01:00:00
       /youtube-daily-2025-04-10-01:00:00
       /youtube-daily-2025-04-11-01:00:00
       /youtube-daily-2025-04-12-01:00:00
       /youtube-daily-2025-04-13-01:00:00
       /youtube-daily-2025-04-14-01:00:00
       /youtube-daily-2025-04-15-01:00:00
       /youtube-daily-2025-04-16-01:00:00
       /youtube-daily-2025-04-17-01:00:00
       /youtube-daily-2025-04-18-01:00:00
       /youtube-daily-2025-04-19-01:00:00
       /youtube-daily-2025-04-20-01:00:00
       /youtube-daily-2025-04-21-01:00:00
       /youtube-daily-2025-04-22-01:00:00
       /youtube-daily-2025-04-23-01:00:00
       /youtube-daily-2025-04-24-01:00:00
       /youtube-daily-2025-04-25-01:00:00
       /youtube-hourly-2025-04-25-16:00:00
       /youtube-hourly-2025-04-25-17:00:00
       /youtube-hourly-2025-04-25-18:00:00
       /youtube-hourly-2025-04-25-19:00:00
       /youtube-hourly-2025-04-25-20:00:00
       /youtube-hourly-2025-04-25-21:00:00
       /youtube-hourly-2025-04-25-22:00:00
       /youtube-hourly-2025-04-25-23:00:00
       /youtube-hourly-2025-04-26-00:00:00
       /youtube-daily-2025-04-26-01:00:00
       /youtube-hourly-2025-04-26-01:00:00
       /youtube-hourly-2025-04-26-02:00:00
       /youtube-hourly-2025-04-26-03:00:00
       /youtube-hourly-2025-04-26-04:00:00
       /youtube-hourly-2025-04-26-05:00:00
       /youtube-hourly-2025-04-26-06:00:00
       /youtube-hourly-2025-04-26-07:00:00
       /youtube-hourly-2025-04-26-08:00:00
       /youtube-hourly-2025-04-26-09:00:00
       /youtube-hourly-2025-04-26-10:00:00
       /youtube-hourly-2025-04-26-11:00:00
       /youtube-hourly-2025-04-26-12:00:00
       /youtube-hourly-2025-04-26-13:00:00
       /youtube-hourly-2025-04-26-14:00:00
       /youtube-hourly-2025-04-26-15:00:00
       /youtube-hourly-2025-04-26-16:00:00
       /youtube-hourly-2025-04-26-17:00:00
       /youtube-hourly-2025-04-26-18:00:00
       /youtube-hourly-2025-04-26-19:00:00
       /youtube-hourly-2025-04-26-20:00:00
       /youtube-hourly-2025-04-26-21:00:00
       /youtube-hourly-2025-04-26-22:00:00
       /youtube-hourly-2025-04-26-23:00:00
       /youtube-hourly-2025-04-27-00:00:00
       /youtube-daily-2025-04-27-01:00:00
       /youtube-hourly-2025-04-27-01:00:00
       /youtube-hourly-2025-04-27-02:00:00
       /youtube-hourly-2025-04-27-03:00:00
       /youtube-hourly-2025-04-27-04:00:00
       /youtube-hourly-2025-04-27-05:00:00
       /youtube-hourly-2025-04-27-06:00:00
       /youtube-hourly-2025-04-27-07:00:00
       /youtube-hourly-2025-04-27-08:00:00
       /youtube-hourly-2025-04-27-09:00:00
       /youtube-hourly-2025-04-27-10:00:00
       /youtube-hourly-2025-04-27-11:00:00
       /youtube-hourly-2025-04-27-12:00:00
       /youtube-hourly-2025-04-27-13:00:00
       /youtube-hourly-2025-04-27-14:00:00
       /youtube-hourly-2025-04-27-15:00:00
       /youtube-hourly-2025-04-27-16:00:00
       /youtube-hourly-2025-04-27-17:00:00
       /youtube-hourly-2025-04-27-18:00:00
       /youtube-hourly-2025-04-27-19:00:00
       /youtube-hourly-2025-04-27-20:00:00
       /youtube-hourly-2025-04-27-21:00:00
       /youtube-hourly-2025-04-27-22:00:00
       /youtube-hourly-2025-04-27-23:00:00
       /youtube-hourly-2025-04-28-00:00:00
       /youtube-daily-2025-04-28-01:00:00
       /youtube-hourly-2025-04-28-01:00:00
       /youtube-hourly-2025-04-28-02:00:00
       /youtube-hourly-2025-04-28-03:00:00
       /youtube-hourly-2025-04-28-04:00:00
       /youtube-hourly-2025-04-28-05:00:00
       /youtube-hourly-2025-04-28-06:00:00
       /youtube-hourly-2025-04-28-07:00:00
       /youtube-hourly-2025-04-28-08:00:00
       /youtube-hourly-2025-04-28-09:00:00
       /youtube-hourly-2025-04-28-10:00:00
       /youtube-hourly-2025-04-28-11:00:00
       /youtube-hourly-2025-04-28-12:00:00
       /youtube-hourly-2025-04-28-19:00:00
       /youtube-hourly-2025-04-28-20:00:00
       /youtube-hourly-2025-04-28-21:00:00
       /youtube-daily-2025-05-01-01:00:00
       /youtube-monthly-2025-05-01-12:00:00
       /youtube-daily-2025-05-02-01:00:00
       /youtube-daily-2025-05-03-01:00:00
       /youtube-daily-2025-05-04-01:00:00
       /youtube-daily-2025-05-05-01:00:00
  remote diff
       /youtube-daily-2025-03-23-01:00:00
       /youtube-monthly-2025-04-01-12:00:00
     - /youtube-daily-2025-04-28-01:00:00
       /youtube-daily-2025-05-01-01:00:00
     + /youtube-monthly-2025-05-01-12:00:00
     + /youtube-daily-2025-05-05-01:00:00
VIA PLAN
- destroy Remote /youtube@daily-2025-04-28-01:00:00
- transfer range from /youtube@daily-2025-05-01-01:00:00 to monthly-2025-05-01-12:00:00
- transfer range from /youtube@monthly-2025-05-01-12:00:00 to daily-2025-05-05-01:00:00
PLAN STEPS
-- destroy Remote /youtube@daily-2025-04-28-01:00:00
  local diff
       /youtube-hourly-2025-03-22-17:00:00
       /youtube-daily-2025-03-23-01:00:00
       /youtube-daily-2025-03-24-01:00:00
       /youtube-daily-2025-03-25-01:00:00
       /youtube-daily-2025-03-26-01:00:00
       /youtube-daily-2025-03-27-01:00:00
       /youtube-daily-2025-03-28-01:00:00
       /youtube-daily-2025-03-29-01:00:00
       /youtube-daily-2025-03-30-01:00:00
       /youtube-daily-2025-03-31-01:00:00
       /youtube-daily-2025-04-01-01:00:00
       /youtube-monthly-2025-04-01-12:00:00
       /youtube-daily-2025-04-02-01:00:00
       /youtube-daily-2025-04-03-01:00:00
       /youtube-daily-2025-04-04-01:00:00
       /youtube-daily-2025-04-05-01:00:00
       /youtube-daily-2025-04-06-01:00:00
       /youtube-daily-2025-04-07-01:00:00
       /youtube-daily-2025-04-08-01:00:00
       /youtube-daily-2025-04-09-01:00:00
       /youtube-daily-2025-04-10-01:00:00
       /youtube-daily-2025-04-11-01:00:00
       /youtube-daily-2025-04-12-01:00:00
       /youtube-daily-2025-04-13-01:00:00
       /youtube-daily-2025-04-14-01:00:00
       /youtube-daily-2025-04-15-01:00:00
       /youtube-daily-2025-04-16-01:00:00
       /youtube-daily-2025-04-17-01:00:00
       /youtube-daily-2025-04-18-01:00:00
       /youtube-daily-2025-04-19-01:00:00
       /youtube-daily-2025-04-20-01:00:00
       /youtube-daily-2025-04-21-01:00:00
       /youtube-daily-2025-04-22-01:00:00
       /youtube-daily-2025-04-23-01:00:00
       /youtube-daily-2025-04-24-01:00:00
       /youtube-daily-2025-04-25-01:00:00
       /youtube-hourly-2025-04-25-16:00:00
       /youtube-hourly-2025-04-25-17:00:00
       /youtube-hourly-2025-04-25-18:00:00
       /youtube-hourly-2025-04-25-19:00:00
       /youtube-hourly-2025-04-25-20:00:00
       /youtube-hourly-2025-04-25-21:00:00
       /youtube-hourly-2025-04-25-22:00:00
       /youtube-hourly-2025-04-25-23:00:00
       /youtube-hourly-2025-04-26-00:00:00
       /youtube-daily-2025-04-26-01:00:00
       /youtube-hourly-2025-04-26-01:00:00
       /youtube-hourly-2025-04-26-02:00:00
       /youtube-hourly-2025-04-26-03:00:00
       /youtube-hourly-2025-04-26-04:00:00
       /youtube-hourly-2025-04-26-05:00:00
       /youtube-hourly-2025-04-26-06:00:00
       /youtube-hourly-2025-04-26-07:00:00
       /youtube-hourly-2025-04-26-08:00:00
       /youtube-hourly-2025-04-26-09:00:00
       /youtube-hourly-2025-04-26-10:00:00
       /youtube-hourly-2025-04-26-11:00:00
       /youtube-hourly-2025-04-26-12:00:00
       /youtube-hourly-2025-04-26-13:00:00
       /youtube-hourly-2025-04-26-14:00:00
       /youtube-hourly-2025-04-26-15:00:00
       /youtube-hourly-2025-04-26-16:00:00
       /youtube-hourly-2025-04-26-17:00:00
       /youtube-hourly-2025-04-26-18:00:00
       /youtube-hourly-2025-04-26-19:00:00
       /youtube-hourly-2025-04-26-20:00:00
       /youtube-hourly-2025-04-26-21:00:00
       /youtube-hourly-2025-04-26-22:00:00
       /youtube-hourly-2025-04-26-23:00:00
       /youtube-hourly-2025-04-27-00:00:00
       /youtube-daily-2025-04-27-01:00:00
       /youtube-hourly-2025-04-27-01:00:00
       /youtube-hourly-2025-04-27-02:00:00
       /youtube-hourly-2025-04-27-03:00:00
       /youtube-hourly-2025-04-27-04:00:00
       /youtube-hourly-2025-04-27-05:00:00
       /youtube-hourly-2025-04-27-06:00:00
       /youtube-hourly-2025-04-27-07:00:00
       /youtube-hourly-2025-04-27-08:00:00
       /youtube-hourly-2025-04-27-09:00:00
       /youtube-hourly-2025-04-27-10:00:00
       /youtube-hourly-2025-04-27-11:00:00
       /youtube-hourly-2025-04-27-12:00:00
       /youtube-hourly-2025-04-27-13:00:00
       /youtube-hourly-2025-04-27-14:00:00
       /youtube-hourly-2025-04-27-15:00:00
       /youtube-hourly-2025-04-27-16:00:00
       /youtube-hourly-2025-04-27-17:00:00
       /youtube-hourly-2025-04-27-18:00:00
       /youtube-hourly-2025-04-27-19:00:00
       /youtube-hourly-2025-04-27-20:00:00
       /youtube-hourly-2025-04-27-21:00:00
       /youtube-hourly-2025-04-27-22:00:00
       /youtube-hourly-2025-04-27-23:00:00
       /youtube-hourly-2025-04-28-00:00:00
       /youtube-daily-2025-04-28-01:00:00
       /youtube-hourly-2025-04-28-01:00:00
       /youtube-hourly-2025-04-28-02:00:00
       /youtube-hourly-2025-04-28-03:00:00
       /youtube-hourly-2025-04-28-04:00:00
       /youtube-hourly-2025-04-28-05:00:00
       /youtube-hourly-2025-04-28-06:00:00
       /youtube-hourly-2025-04-28-07:00:00
       /youtube-hourly-2025-04-28-08:00:00
       /youtube-hourly-2025-04-28-09:00:00
       /youtube-hourly-2025-04-28-10:00:00
       /youtube-hourly-2025-04-28-11:00:00
       /youtube-hourly-2025-04-28-12:00:00
       /youtube-hourly-2025-04-28-19:00:00
       /youtube-hourly-2025-04-28-20:00:00
       /youtube-hourly-2025-04-28-21:00:00
       /youtube-daily-2025-05-01-01:00:00
       /youtube-monthly-2025-05-01-12:00:00
       /youtube-daily-2025-05-02-01:00:00
       /youtube-daily-2025-05-03-01:00:00
       /youtube-daily-2025-05-04-01:00:00
       /youtube-daily-2025-05-05-01:00:00
  remote diff
       /youtube-daily-2025-03-23-01:00:00
       /youtube-monthly-2025-04-01-12:00:00
     - /youtube-daily-2025-04-28-01:00:00
       /youtube-daily-2025-05-01-01:00:00


-- transfer range from /youtube@daily-2025-05-01-01:00:00 to monthly-2025-05-01-12:00:00
  local diff
       /youtube-hourly-2025-03-22-17:00:00
       /youtube-daily-2025-03-23-01:00:00
       /youtube-daily-2025-03-24-01:00:00
       /youtube-daily-2025-03-25-01:00:00
       /youtube-daily-2025-03-26-01:00:00
       /youtube-daily-2025-03-27-01:00:00
       /youtube-daily-2025-03-28-01:00:00
       /youtube-daily-2025-03-29-01:00:00
       /youtube-daily-2025-03-30-01:00:00
       /youtube-daily-2025-03-31-01:00:00
       /youtube-daily-2025-04-01-01:00:00
       /youtube-monthly-2025-04-01-12:00:00
       /youtube-daily-2025-04-02-01:00:00
       /youtube-daily-2025-04-03-01:00:00
       /youtube-daily-2025-04-04-01:00:00
       /youtube-daily-2025-04-05-01:00:00
       /youtube-daily-2025-04-06-01:00:00
       /youtube-daily-2025-04-07-01:00:00
       /youtube-daily-2025-04-08-01:00:00
       /youtube-daily-2025-04-09-01:00:00
       /youtube-daily-2025-04-10-01:00:00
       /youtube-daily-2025-04-11-01:00:00
       /youtube-daily-2025-04-12-01:00:00
       /youtube-daily-2025-04-13-01:00:00
       /youtube-daily-2025-04-14-01:00:00
       /youtube-daily-2025-04-15-01:00:00
       /youtube-daily-2025-04-16-01:00:00
       /youtube-daily-2025-04-17-01:00:00
       /youtube-daily-2025-04-18-01:00:00
       /youtube-daily-2025-04-19-01:00:00
       /youtube-daily-2025-04-20-01:00:00
       /youtube-daily-2025-04-21-01:00:00
       /youtube-daily-2025-04-22-01:00:00
       /youtube-daily-2025-04-23-01:00:00
       /youtube-daily-2025-04-24-01:00:00
       /youtube-daily-2025-04-25-01:00:00
       /youtube-hourly-2025-04-25-16:00:00
       /youtube-hourly-2025-04-25-17:00:00
       /youtube-hourly-2025-04-25-18:00:00
       /youtube-hourly-2025-04-25-19:00:00
       /youtube-hourly-2025-04-25-20:00:00
       /youtube-hourly-2025-04-25-21:00:00
       /youtube-hourly-2025-04-25-22:00:00
       /youtube-hourly-2025-04-25-23:00:00
       /youtube-hourly-2025-04-26-00:00:00
       /youtube-daily-2025-04-26-01:00:00
       /youtube-hourly-2025-04-26-01:00:00
       /youtube-hourly-2025-04-26-02:00:00
       /youtube-hourly-2025-04-26-03:00:00
       /youtube-hourly-2025-04-26-04:00:00
       /youtube-hourly-2025-04-26-05:00:00
       /youtube-hourly-2025-04-26-06:00:00
       /youtube-hourly-2025-04-26-07:00:00
       /youtube-hourly-2025-04-26-08:00:00
       /youtube-hourly-2025-04-26-09:00:00
       /youtube-hourly-2025-04-26-10:00:00
       /youtube-hourly-2025-04-26-11:00:00
       /youtube-hourly-2025-04-26-12:00:00
       /youtube-hourly-2025-04-26-13:00:00
       /youtube-hourly-2025-04-26-14:00:00
       /youtube-hourly-2025-04-26-15:00:00
       /youtube-hourly-2025-04-26-16:00:00
       /youtube-hourly-2025-04-26-17:00:00
       /youtube-hourly-2025-04-26-18:00:00
       /youtube-hourly-2025-04-26-19:00:00
       /youtube-hourly-2025-04-26-20:00:00
       /youtube-hourly-2025-04-26-21:00:00
       /youtube-hourly-2025-04-26-22:00:00
       /youtube-hourly-2025-04-26-23:00:00
       /youtube-hourly-2025-04-27-00:00:00
       /youtube-daily-2025-04-27-01:00:00
       /youtube-hourly-2025-04-27-01:00:00
       /youtube-hourly-2025-04-27-02:00:00
       /youtube-hourly-2025-04-27-03:00:00
       /youtube-hourly-2025-04-27-04:00:00
       /youtube-hourly-2025-04-27-05:00:00
       /youtube-hourly-2025-04-27-06:00:00
       /youtube-hourly-2025-04-27-07:00:00
       /youtube-hourly-2025-04-27-08:00:00
       /youtube-hourly-2025-04-27-09:00:00
       /youtube-hourly-2025-04-27-10:00:00
       /youtube-hourly-2025-04-27-11:00:00
       /youtube-hourly-2025-04-27-12:00:00
       /youtube-hourly-2025-04-27-13:00:00
       /youtube-hourly-2025-04-27-14:00:00
       /youtube-hourly-2025-04-27-15:00:00
       /youtube-hourly-2025-04-27-16:00:00
       /youtube-hourly-2025-04-27-17:00:00
       /youtube-hourly-2025-04-27-18:00:00
       /youtube-hourly-2025-04-27-19:00:00
       /youtube-hourly-2025-04-27-20:00:00
       /youtube-hourly-2025-04-27-21:00:00
       /youtube-hourly-2025-04-27-22:00:00
       /youtube-hourly-2025-04-27-23:00:00
       /youtube-hourly-2025-04-28-00:00:00
       /youtube-daily-2025-04-28-01:00:00
       /youtube-hourly-2025-04-28-01:00:00
       /youtube-hourly-2025-04-28-02:00:00
       /youtube-hourly-2025-04-28-03:00:00
       /youtube-hourly-2025-04-28-04:00:00
       /youtube-hourly-2025-04-28-05:00:00
       /youtube-hourly-2025-04-28-06:00:00
       /youtube-hourly-2025-04-28-07:00:00
       /youtube-hourly-2025-04-28-08:00:00
       /youtube-hourly-2025-04-28-09:00:00
       /youtube-hourly-2025-04-28-10:00:00
       /youtube-hourly-2025-04-28-11:00:00
       /youtube-hourly-2025-04-28-12:00:00
       /youtube-hourly-2025-04-28-19:00:00
       /youtube-hourly-2025-04-28-20:00:00
       /youtube-hourly-2025-04-28-21:00:00
       /youtube-daily-2025-05-01-01:00:00
       /youtube-monthly-2025-05-01-12:00:00
       /youtube-daily-2025-05-02-01:00:00
       /youtube-daily-2025-05-03-01:00:00
       /youtube-daily-2025-05-04-01:00:00
       /youtube-daily-2025-05-05-01:00:00
  remote diff
       /youtube-daily-2025-03-23-01:00:00
       /youtube-monthly-2025-04-01-12:00:00
       /youtube-daily-2025-05-01-01:00:00
     + /youtube-monthly-2025-05-01-12:00:00


-- transfer range from /youtube@monthly-2025-05-01-12:00:00 to daily-2025-05-05-01:00:00
  local diff
       /youtube-hourly-2025-03-22-17:00:00
       /youtube-daily-2025-03-23-01:00:00
       /youtube-daily-2025-03-24-01:00:00
       /youtube-daily-2025-03-25-01:00:00
       /youtube-daily-2025-03-26-01:00:00
       /youtube-daily-2025-03-27-01:00:00
       /youtube-daily-2025-03-28-01:00:00
       /youtube-daily-2025-03-29-01:00:00
       /youtube-daily-2025-03-30-01:00:00
       /youtube-daily-2025-03-31-01:00:00
       /youtube-daily-2025-04-01-01:00:00
       /youtube-monthly-2025-04-01-12:00:00
       /youtube-daily-2025-04-02-01:00:00
       /youtube-daily-2025-04-03-01:00:00
       /youtube-daily-2025-04-04-01:00:00
       /youtube-daily-2025-04-05-01:00:00
       /youtube-daily-2025-04-06-01:00:00
       /youtube-daily-2025-04-07-01:00:00
       /youtube-daily-2025-04-08-01:00:00
       /youtube-daily-2025-04-09-01:00:00
       /youtube-daily-2025-04-10-01:00:00
       /youtube-daily-2025-04-11-01:00:00
       /youtube-daily-2025-04-12-01:00:00
       /youtube-daily-2025-04-13-01:00:00
       /youtube-daily-2025-04-14-01:00:00
       /youtube-daily-2025-04-15-01:00:00
       /youtube-daily-2025-04-16-01:00:00
       /youtube-daily-2025-04-17-01:00:00
       /youtube-daily-2025-04-18-01:00:00
       /youtube-daily-2025-04-19-01:00:00
       /youtube-daily-2025-04-20-01:00:00
       /youtube-daily-2025-04-21-01:00:00
       /youtube-daily-2025-04-22-01:00:00
       /youtube-daily-2025-04-23-01:00:00
       /youtube-daily-2025-04-24-01:00:00
       /youtube-daily-2025-04-25-01:00:00
       /youtube-hourly-2025-04-25-16:00:00
       /youtube-hourly-2025-04-25-17:00:00
       /youtube-hourly-2025-04-25-18:00:00
       /youtube-hourly-2025-04-25-19:00:00
       /youtube-hourly-2025-04-25-20:00:00
       /youtube-hourly-2025-04-25-21:00:00
       /youtube-hourly-2025-04-25-22:00:00
       /youtube-hourly-2025-04-25-23:00:00
       /youtube-hourly-2025-04-26-00:00:00
       /youtube-daily-2025-04-26-01:00:00
       /youtube-hourly-2025-04-26-01:00:00
       /youtube-hourly-2025-04-26-02:00:00
       /youtube-hourly-2025-04-26-03:00:00
       /youtube-hourly-2025-04-26-04:00:00
       /youtube-hourly-2025-04-26-05:00:00
       /youtube-hourly-2025-04-26-06:00:00
       /youtube-hourly-2025-04-26-07:00:00
       /youtube-hourly-2025-04-26-08:00:00
       /youtube-hourly-2025-04-26-09:00:00
       /youtube-hourly-2025-04-26-10:00:00
       /youtube-hourly-2025-04-26-11:00:00
       /youtube-hourly-2025-04-26-12:00:00
       /youtube-hourly-2025-04-26-13:00:00
       /youtube-hourly-2025-04-26-14:00:00
       /youtube-hourly-2025-04-26-15:00:00
       /youtube-hourly-2025-04-26-16:00:00
       /youtube-hourly-2025-04-26-17:00:00
       /youtube-hourly-2025-04-26-18:00:00
       /youtube-hourly-2025-04-26-19:00:00
       /youtube-hourly-2025-04-26-20:00:00
       /youtube-hourly-2025-04-26-21:00:00
       /youtube-hourly-2025-04-26-22:00:00
       /youtube-hourly-2025-04-26-23:00:00
       /youtube-hourly-2025-04-27-00:00:00
       /youtube-daily-2025-04-27-01:00:00
       /youtube-hourly-2025-04-27-01:00:00
       /youtube-hourly-2025-04-27-02:00:00
       /youtube-hourly-2025-04-27-03:00:00
       /youtube-hourly-2025-04-27-04:00:00
       /youtube-hourly-2025-04-27-05:00:00
       /youtube-hourly-2025-04-27-06:00:00
       /youtube-hourly-2025-04-27-07:00:00
       /youtube-hourly-2025-04-27-08:00:00
       /youtube-hourly-2025-04-27-09:00:00
       /youtube-hourly-2025-04-27-10:00:00
       /youtube-hourly-2025-04-27-11:00:00
       /youtube-hourly-2025-04-27-12:00:00
       /youtube-hourly-2025-04-27-13:00:00
       /youtube-hourly-2025-04-27-14:00:00
       /youtube-hourly-2025-04-27-15:00:00
       /youtube-hourly-2025-04-27-16:00:00
       /youtube-hourly-2025-04-27-17:00:00
       /youtube-hourly-2025-04-27-18:00:00
       /youtube-hourly-2025-04-27-19:00:00
       /youtube-hourly-2025-04-27-20:00:00
       /youtube-hourly-2025-04-27-21:00:00
       /youtube-hourly-2025-04-27-22:00:00
       /youtube-hourly-2025-04-27-23:00:00
       /youtube-hourly-2025-04-28-00:00:00
       /youtube-daily-2025-04-28-01:00:00
       /youtube-hourly-2025-04-28-01:00:00
       /youtube-hourly-2025-04-28-02:00:00
       /youtube-hourly-2025-04-28-03:00:00
       /youtube-hourly-2025-04-28-04:00:00
       /youtube-hourly-2025-04-28-05:00:00
       /youtube-hourly-2025-04-28-06:00:00
       /youtube-hourly-2025-04-28-07:00:00
       /youtube-hourly-2025-04-28-08:00:00
       /youtube-hourly-2025-04-28-09:00:00
       /youtube-hourly-2025-04-28-10:00:00
       /youtube-hourly-2025-04-28-11:00:00
       /youtube-hourly-2025-04-28-12:00:00
       /youtube-hourly-2025-04-28-19:00:00
       /youtube-hourly-2025-04-28-20:00:00
       /youtube-hourly-2025-04-28-21:00:00
       /youtube-daily-2025-05-01-01:00:00
       /youtube-monthly-2025-05-01-12:00:00
       /youtube-daily-2025-05-02-01:00:00
       /youtube-daily-2025-05-03-01:00:00
       /youtube-daily-2025-05-04-01:00:00
       /youtube-daily-2025-05-05-01:00:00
  remote diff
       /youtube-daily-2025-03-23-01:00:00
       /youtube-monthly-2025-04-01-12:00:00
       /youtube-daily-2025-05-01-01:00:00
       /youtube-monthly-2025-05-01-12:00:00
     + /youtube-daily-2025-05-05-01:00:00


